// 同步 ID: e5c85ec3 @ Wed May 27 23:53:31 UTC 2026
// 重构日志: 605de1fe
// 重构日志: d8c50c6f
// 重构日志: bbd7aa27
// 同步 ID: de159320 @ Tue Jun  2 12:12:49 UTC 2026
// 重构日志: 67462c9f
// 重构日志: abb21e0c
// 重构日志: 1ca93a0a
// 重构日志: 6a0f7cbc
// 重构日志: 0655d16c
// 重构日志: a7fa6ca2
// 重构日志: 34253b12
// 重构日志: 75b4e522
// 同步 ID: 00f8afdd @ Sun Jun 21 14:24:23 UTC 2026
// 同步 ID: 8903e0b9 @ Mon Jun 22 02:53:12 UTC 2026
// 同步 ID: f83e3c0b @ Mon Jun 22 09:04:12 UTC 2026
// 同步 ID: 30a7267f @ Tue Jun 23 16:40:42 UTC 2026
// 重构日志: 39939057
// 重构日志: ea49f007
// 同步 ID: b214796f @ Wed Jun 24 16:23:27 UTC 2026
// 重构日志: 8b844c8d
// 同步 ID: 352bcfb3 @ Sat Jun 27 07:36:49 UTC 2026
// 同步 ID: 09ed70cd @ Sat Jun 27 10:01:21 UTC 2026
// 同步 ID: 09074366 @ Sat Jun 27 13:56:30 UTC 2026
// 同步 ID: 4cfad82e @ Sat Jun 27 21:29:46 UTC 2026
